LOAD fd
STORE f0
LOAD fe
STORE f3
LOADI 0
STORE ff
LOADI 1
STORE f1
LOADI 8
STORE f2
LOADI 1
STORE f4
LOAD f3
AND f1
JZ 1d
LOAD ff
ADD f0
STORE ff
LOAD f0
ADD f0
STORE f0
LOAD f1
ADD f1
STORE f1
LOAD f2
SUB f4
STORE f2
JZ 28
JMP c
LOAD f3
AND f1
JZ 1d
LOAD ff
ADD f0
STORE ff
LOAD f0
ADD f0
STORE f0
LOAD f1
ADD f1
STORE f1
LOAD f2
SUB f4
STORE f2
JZ 28
JMP c
LOAD f3
AND f1
JZ 1d
LOAD ff
ADD f0
STORE ff
LOAD f0
ADD f0
STORE f0
LOAD f1
ADD f1
STORE f1
LOAD f2
SUB f4
STORE f2
JZ 28
JMP c
LOAD f3
AND f1
JZ 1d
LOAD ff
ADD f0
STORE ff
LOAD f0
ADD f0
STORE f0
LOAD f1
ADD f1
STORE f1
LOAD f2
SUB f4
STORE f2
JZ 28
JMP c
LOAD f3
AND f1
JZ 1d
HALT 0
